<?xml version="1.0" encoding="UTF-8"?>
<testng-results ignored="0" total="5" passed="4" failed="1" skipped="0">
  <reporter-output>
  </reporter-output>
  <suite started-at="2024-09-23T13:46:17 CDT" name="Suite" finished-at="2024-09-23T13:47:13 CDT" duration-ms="56338">
    <groups>
    </groups>
    <test started-at="2024-09-23T13:46:17 CDT" name="Test" finished-at="2024-09-23T13:47:13 CDT" duration-ms="56338">
      <class name="tests.HomeTest">
        <test-method is-config="true" signature="configuration()[pri:0, instance:tests.HomeTest@5f0e9815]" started-at="2024-09-23T13:46:17 CDT" name="configuration" finished-at="2024-09-23T13:46:17 CDT" duration-ms="131" status="PASS">
          <reporter-output>
          </reporter-output>
        </test-method> <!-- configuration -->
        <test-method is-config="true" signature="setup()[pri:0, instance:tests.HomeTest@5f0e9815]" started-at="2024-09-23T13:46:17 CDT" name="setup" finished-at="2024-09-23T13:46:20 CDT" duration-ms="3051" status="PASS">
          <reporter-output>
          </reporter-output>
        </test-method> <!-- setup -->
        <test-method is-config="true" signature="setup()[pri:0, instance:tests.HomeTest@5f0e9815]" started-at="2024-09-23T13:46:17 CDT" name="setup" finished-at="2024-09-23T13:46:19 CDT" duration-ms="2573" status="PASS">
          <reporter-output>
          </reporter-output>
        </test-method> <!-- setup -->
        <test-method is-config="true" signature="setup()[pri:0, instance:tests.HomeTest@5f0e9815]" started-at="2024-09-23T13:46:17 CDT" name="setup" finished-at="2024-09-23T13:46:19 CDT" duration-ms="2573" status="PASS">
          <reporter-output>
          </reporter-output>
        </test-method> <!-- setup -->
        <test-method is-config="true" signature="preCondition(java.lang.String,boolean)[pri:0, instance:tests.HomeTest@5f0e9815]" started-at="2024-09-23T13:46:19 CDT" name="preCondition" finished-at="2024-09-23T13:46:20 CDT" duration-ms="977" status="PASS">
          <params>
            <param index="0">
              <value>
                <![CDATA[chrome]]>
              </value>
            </param>
            <param index="1">
              <value>
                <![CDATA[false]]>
              </value>
            </param>
          </params>
          <reporter-output>
          </reporter-output>
        </test-method> <!-- preCondition -->
        <test-method is-config="true" signature="preCondition(java.lang.String,boolean)[pri:0, instance:tests.HomeTest@5f0e9815]" started-at="2024-09-23T13:46:19 CDT" name="preCondition" finished-at="2024-09-23T13:46:20 CDT" duration-ms="935" status="PASS">
          <params>
            <param index="0">
              <value>
                <![CDATA[chrome]]>
              </value>
            </param>
            <param index="1">
              <value>
                <![CDATA[false]]>
              </value>
            </param>
          </params>
          <reporter-output>
          </reporter-output>
        </test-method> <!-- preCondition -->
        <test-method is-config="true" signature="preCondition(java.lang.String,boolean)[pri:0, instance:tests.HomeTest@5f0e9815]" started-at="2024-09-23T13:46:20 CDT" name="preCondition" finished-at="2024-09-23T13:46:21 CDT" duration-ms="908" status="PASS">
          <params>
            <param index="0">
              <value>
                <![CDATA[chrome]]>
              </value>
            </param>
            <param index="1">
              <value>
                <![CDATA[false]]>
              </value>
            </param>
          </params>
          <reporter-output>
          </reporter-output>
        </test-method> <!-- preCondition -->
        <test-method signature="selectMyProfile_TC06()[pri:0, instance:tests.HomeTest@5f0e9815]" started-at="2024-09-23T13:46:20 CDT" name="selectMyProfile_TC06" finished-at="2024-09-23T13:47:05 CDT" duration-ms="44962" status="PASS">
          <reporter-output>
          </reporter-output>
        </test-method> <!-- selectMyProfile_TC06 -->
        <test-method signature="selectLogout_TC09()[pri:0, instance:tests.HomeTest@5f0e9815]" started-at="2024-09-23T13:46:20 CDT" name="selectLogout_TC09" finished-at="2024-09-23T13:46:25 CDT" duration-ms="4549" status="PASS">
          <reporter-output>
          </reporter-output>
        </test-method> <!-- selectLogout_TC09 -->
        <test-method signature="selectDeveloperConsole_TC08()[pri:0, instance:tests.HomeTest@5f0e9815]" started-at="2024-09-23T13:46:21 CDT" name="selectDeveloperConsole_TC08" finished-at="2024-09-23T13:46:28 CDT" duration-ms="7405" status="PASS">
          <reporter-output>
          </reporter-output>
        </test-method> <!-- selectDeveloperConsole_TC08 -->
        <test-method is-config="true" signature="removeDriver()[pri:0, instance:tests.HomeTest@5f0e9815]" started-at="2024-09-23T13:46:25 CDT" name="removeDriver" finished-at="2024-09-23T13:46:25 CDT" duration-ms="96" status="PASS">
          <reporter-output>
          </reporter-output>
        </test-method> <!-- removeDriver -->
        <test-method is-config="true" signature="setup()[pri:0, instance:tests.HomeTest@5f0e9815]" started-at="2024-09-23T13:46:25 CDT" name="setup" finished-at="2024-09-23T13:46:26 CDT" duration-ms="934" status="PASS">
          <reporter-output>
          </reporter-output>
        </test-method> <!-- setup -->
        <test-method is-config="true" signature="preCondition(java.lang.String,boolean)[pri:0, instance:tests.HomeTest@5f0e9815]" started-at="2024-09-23T13:46:26 CDT" name="preCondition" finished-at="2024-09-23T13:46:27 CDT" duration-ms="934" status="PASS">
          <params>
            <param index="0">
              <value>
                <![CDATA[chrome]]>
              </value>
            </param>
            <param index="1">
              <value>
                <![CDATA[false]]>
              </value>
            </param>
          </params>
          <reporter-output>
          </reporter-output>
        </test-method> <!-- preCondition -->
        <test-method signature="selectMySettings_TC07()[pri:0, instance:tests.HomeTest@5f0e9815]" started-at="2024-09-23T13:46:27 CDT" name="selectMySettings_TC07" finished-at="2024-09-23T13:47:12 CDT" duration-ms="45134" status="FAIL">
          <exception class="org.openqa.selenium.NoSuchSessionException">
            <message>
              <![CDATA[invalid session id
Build info: version: '4.23.1', revision: '656257d8e9'
System info: os.name: 'Windows 11', os.arch: 'amd64', os.version: '10.0', java.version: '17.0.10'
Driver info: org.openqa.selenium.chrome.ChromeDriver
Command: [f4ad35665da8a5dba58a5e9be97ac855, findElement {value=DisplayAndLayout_font, using=id}]
Capabilities {acceptInsecureCerts: false, browserName: chrome, browserVersion: 128.0.6613.138, chrome: {chromedriverVersion: 128.0.6613.137 (fe621c5aa2d..., userDataDir: C:\Users\elvis\AppData\Loca...}, fedcm:accounts: true, goog:chromeOptions: {debuggerAddress: localhost:62936}, networkConnectionEnabled: false, pageLoadStrategy: normal, platformName: windows, proxy: Proxy(), se:cdp: ws://localhost:62936/devtoo..., se:cdpVersion: 128.0.6613.138, setWindowRect: true, strictFileInteractability: false, timeouts: {implicit: 0, pageLoad: 300000, script: 30000}, unhandledPromptBehavior: dismiss and notify, webauthn:extension:credBlob: true, webauthn:extension:largeBlob: true, webauthn:extension:minPinLength: true, webauthn:extension:prf: true, webauthn:virtualAuthenticators: true}
Session ID: f4ad35665da8a5dba58a5e9be97ac855]]>
            </message>
            <full-stacktrace>
              <![CDATA[org.openqa.selenium.NoSuchSessionException: invalid session id
Build info: version: '4.23.1', revision: '656257d8e9'
System info: os.name: 'Windows 11', os.arch: 'amd64', os.version: '10.0', java.version: '17.0.10'
Driver info: org.openqa.selenium.chrome.ChromeDriver
Command: [f4ad35665da8a5dba58a5e9be97ac855, findElement {value=DisplayAndLayout_font, using=id}]
Capabilities {acceptInsecureCerts: false, browserName: chrome, browserVersion: 128.0.6613.138, chrome: {chromedriverVersion: 128.0.6613.137 (fe621c5aa2d..., userDataDir: C:\Users\elvis\AppData\Loca...}, fedcm:accounts: true, goog:chromeOptions: {debuggerAddress: localhost:62936}, networkConnectionEnabled: false, pageLoadStrategy: normal, platformName: windows, proxy: Proxy(), se:cdp: ws://localhost:62936/devtoo..., se:cdpVersion: 128.0.6613.138, setWindowRect: true, strictFileInteractability: false, timeouts: {implicit: 0, pageLoad: 300000, script: 30000}, unhandledPromptBehavior: dismiss and notify, webauthn:extension:credBlob: true, webauthn:extension:largeBlob: true, webauthn:extension:minPinLength: true, webauthn:extension:prf: true, webauthn:virtualAuthenticators: true}
Session ID: f4ad35665da8a5dba58a5e9be97ac855
at java.base/jdk.internal.reflect.NativeConstructorAccessorImpl.newInstance0(Native Method)
at java.base/jdk.internal.reflect.NativeConstructorAccessorImpl.newInstance(NativeConstructorAccessorImpl.java:77)
at java.base/jdk.internal.reflect.DelegatingConstructorAccessorImpl.newInstance(DelegatingConstructorAccessorImpl.java:45)
at java.base/java.lang.reflect.Constructor.newInstanceWithCaller(Constructor.java:499)
at java.base/java.lang.reflect.Constructor.newInstance(Constructor.java:480)
at org.openqa.selenium.remote.ErrorCodec.decode(ErrorCodec.java:167)
at org.openqa.selenium.remote.codec.w3c.W3CHttpResponseCodec.decode(W3CHttpResponseCodec.java:138)
at org.openqa.selenium.remote.codec.w3c.W3CHttpResponseCodec.decode(W3CHttpResponseCodec.java:50)
at org.openqa.selenium.remote.HttpCommandExecutor.execute(HttpCommandExecutor.java:190)
at org.openqa.selenium.remote.service.DriverCommandExecutor.invokeExecute(DriverCommandExecutor.java:216)
at org.openqa.selenium.remote.service.DriverCommandExecutor.execute(DriverCommandExecutor.java:174)
at org.openqa.selenium.remote.RemoteWebDriver.execute(RemoteWebDriver.java:545)
at org.openqa.selenium.remote.ElementLocation$ElementFinder$2.findElement(ElementLocation.java:165)
at org.openqa.selenium.remote.ElementLocation.findElement(ElementLocation.java:59)
at org.openqa.selenium.remote.RemoteWebDriver.findElement(RemoteWebDriver.java:368)
at org.openqa.selenium.remote.RemoteWebDriver.findElement(RemoteWebDriver.java:362)
at org.openqa.selenium.support.pagefactory.DefaultElementLocator.findElement(DefaultElementLocator.java:68)
at org.openqa.selenium.support.pagefactory.internal.LocatingElementHandler.invoke(LocatingElementHandler.java:38)
at jdk.proxy2/jdk.proxy2.$Proxy22.isDisplayed(Unknown Source)
at Pages.HomePage.verifyDisplayAndLayoutLink(HomePage.java:450)
at tests.HomeTest.selectMySettings_TC07(HomeTest.java:100)
at java.base/jdk.internal.reflect.NativeMethodAccessorImpl.invoke0(Native Method)
at java.base/jdk.internal.reflect.NativeMethodAccessorImpl.invoke(NativeMethodAccessorImpl.java:77)
at java.base/jdk.internal.reflect.DelegatingMethodAccessorImpl.invoke(DelegatingMethodAccessorImpl.java:43)
at java.base/java.lang.reflect.Method.invoke(Method.java:568)
at org.testng.internal.MethodInvocationHelper.invokeMethod(MethodInvocationHelper.java:133)
at org.testng.internal.TestInvoker.invokeMethod(TestInvoker.java:598)
at org.testng.internal.TestInvoker.invokeTestMethod(TestInvoker.java:173)
at org.testng.internal.MethodRunner.runInSequence(MethodRunner.java:46)
at org.testng.internal.TestInvoker$MethodInvocationAgent.invoke(TestInvoker.java:824)
at org.testng.internal.TestInvoker.invokeTestMethods(TestInvoker.java:146)
at org.testng.internal.TestMethodWorker.invokeTestMethods(TestMethodWorker.java:146)
at org.testng.internal.TestMethodWorker.run(TestMethodWorker.java:128)
at java.base/java.util.concurrent.ThreadPoolExecutor.runWorker(ThreadPoolExecutor.java:1136)
at java.base/java.util.concurrent.ThreadPoolExecutor$Worker.run(ThreadPoolExecutor.java:635)
at java.base/java.lang.Thread.run(Thread.java:842)
]]>
            </full-stacktrace>
          </exception> <!-- org.openqa.selenium.NoSuchSessionException -->
          <reporter-output>
          </reporter-output>
        </test-method> <!-- selectMySettings_TC07 -->
        <test-method is-config="true" signature="removeDriver()[pri:0, instance:tests.HomeTest@5f0e9815]" started-at="2024-09-23T13:46:28 CDT" name="removeDriver" finished-at="2024-09-23T13:46:28 CDT" duration-ms="60" status="PASS">
          <reporter-output>
          </reporter-output>
        </test-method> <!-- removeDriver -->
        <test-method is-config="true" signature="setup()[pri:0, instance:tests.HomeTest@5f0e9815]" started-at="2024-09-23T13:46:28 CDT" name="setup" finished-at="2024-09-23T13:46:29 CDT" duration-ms="925" status="PASS">
          <reporter-output>
          </reporter-output>
        </test-method> <!-- setup -->
        <test-method is-config="true" signature="preCondition(java.lang.String,boolean)[pri:0, instance:tests.HomeTest@5f0e9815]" started-at="2024-09-23T13:46:29 CDT" name="preCondition" finished-at="2024-09-23T13:46:30 CDT" duration-ms="942" status="PASS">
          <params>
            <param index="0">
              <value>
                <![CDATA[chrome]]>
              </value>
            </param>
            <param index="1">
              <value>
                <![CDATA[false]]>
              </value>
            </param>
          </params>
          <reporter-output>
          </reporter-output>
        </test-method> <!-- preCondition -->
        <test-method signature="selectUserMenu_TC05()[pri:0, instance:tests.HomeTest@5f0e9815]" started-at="2024-09-23T13:46:30 CDT" name="selectUserMenu_TC05" finished-at="2024-09-23T13:46:33 CDT" duration-ms="2750" status="PASS">
          <reporter-output>
          </reporter-output>
        </test-method> <!-- selectUserMenu_TC05 -->
        <test-method is-config="true" signature="removeDriver()[pri:0, instance:tests.HomeTest@5f0e9815]" started-at="2024-09-23T13:46:33 CDT" name="removeDriver" finished-at="2024-09-23T13:46:33 CDT" duration-ms="81" status="PASS">
          <reporter-output>
          </reporter-output>
        </test-method> <!-- removeDriver -->
        <test-method is-config="true" signature="removeDriver()[pri:0, instance:tests.HomeTest@5f0e9815]" started-at="2024-09-23T13:47:05 CDT" name="removeDriver" finished-at="2024-09-23T13:47:05 CDT" duration-ms="90" status="PASS">
          <reporter-output>
          </reporter-output>
        </test-method> <!-- removeDriver -->
        <test-method is-config="true" signature="removeDriver()[pri:0, instance:tests.HomeTest@5f0e9815]" started-at="2024-09-23T13:47:13 CDT" name="removeDriver" finished-at="2024-09-23T13:47:13 CDT" duration-ms="79" status="PASS">
          <reporter-output>
          </reporter-output>
        </test-method> <!-- removeDriver -->
        <test-method is-config="true" signature="tearDown()[pri:0, instance:tests.HomeTest@5f0e9815]" started-at="2024-09-23T13:47:13 CDT" name="tearDown" finished-at="2024-09-23T13:47:14 CDT" duration-ms="758" status="PASS">
          <reporter-output>
          </reporter-output>
        </test-method> <!-- tearDown -->
      </class> <!-- tests.HomeTest -->
    </test> <!-- Test -->
  </suite> <!-- Suite -->
</testng-results>
